# JRE version: OpenJDK Runtime Environment Temurin-21.0.6+7 (21.0.6+7) (build 21.0.6+7-LTS)
# Java VM: OpenJDK 64-Bit Server VM Temurin-21.0.6+7 (21.0.6+7-LTS, mixed mode, sharing, tiered, compressed oops, compressed class ptrs, parallel gc, windows-amd64)
GC Precious Log:
 CardTable entry size: 512
 CPUs: 12 total, 12 available
 Memory: 15733M
 Large Page Support: Disabled
 NUMA Support: Disabled
 Compressed Oops: Enabled (32-bit)
 Alignments: Space 512K, Generation 512K, Heap 2M
 Heap Min Capacity: 100M
 Heap Initial Capacity: 100M
 Heap Max Capacity: 1G
 Pre-touch: Disabled
 Parallel Workers: 10
Heap:
 PSYoungGen      total 7168K, used 6902K [0x00000000eab00000, 0x00000000eb380000, 0x0000000100000000)
  eden space 5632K, 100% used [0x00000000eab00000,0x00000000eb080000,0x00000000eb080000)
  from space 1536K, 82% used [0x00000000eb200000,0x00000000eb33d870,0x00000000eb380000)
  to   space 1536K, 84% used [0x00000000eb080000,0x00000000eb1c5ef8,0x00000000eb200000)
 ParOldGen       total 150528K, used 150144K [0x00000000c0000000, 0x00000000c9300000, 0x00000000eab00000)
  object space 150528K, 99% used [0x00000000c0000000,0x00000000c92a0378,0x00000000c9300000)
 Metaspace       used 54596K, committed 55872K, reserved 1114112K
  class space    used 6029K, committed 6592K, reserved 1048576K
GC Heap History (20 events):
Event: 8.361 GC heap before
{Heap before GC invocations=75 (full 2):
 PSYoungGen      total 7680K, used 7291K [0x00000000eab00000, 0x00000000eb480000, 0x0000000100000000)
  eden space 5632K, 100% used [0x00000000eab00000,0x00000000eb080000,0x00000000eb080000)
  from space 2048K, 81% used [0x00000000eb280000,0x00000000eb41ef48,0x00000000eb480000)
  to   space 2048K, 0% used [0x00000000eb080000,0x00000000eb080000,0x00000000eb280000)
 ParOldGen       total 136192K, used 135999K [0x00000000c0000000, 0x00000000c8500000, 0x00000000eab00000)
  object space 136192K, 99% used [0x00000000c0000000,0x00000000c84cff68,0x00000000c8500000)
 Metaspace       used 54349K, committed 55616K, reserved 1114112K
  class space    used 5973K, committed 6528K, reserved 1048576K
}
Event: 8.363 GC heap after
{Heap after GC invocations=75 (full 2):
 PSYoungGen      total 7680K, used 2022K [0x00000000eab00000, 0x00000000eb980000, 0x0000000100000000)
  eden space 5632K, 0% used [0x00000000eab00000,0x00000000eab00000,0x00000000eb080000)
  from space 2048K, 98% used [0x00000000eb080000,0x00000000eb279a40,0x00000000eb280000)
  to   space 4608K, 0% used [0x00000000eb500000,0x00000000eb500000,0x00000000eb980000)
 ParOldGen       total 138240K, used 137740K [0x00000000c0000000, 0x00000000c8700000, 0x00000000eab00000)
  object space 138240K, 99% used [0x00000000c0000000,0x00000000c8683158,0x00000000c8700000)
 Metaspace       used 54349K, committed 55616K, reserved 1114112K
  class space    used 5973K, committed 6528K, reserved 1048576K
}
Event: 8.377 GC heap before
{Heap before GC invocations=76 (full 2):
 PSYoungGen      total 7680K, used 7643K [0x00000000eab00000, 0x00000000eb980000, 0x0000000100000000)
  eden space 5632K, 99% used [0x00000000eab00000,0x00000000eb07d490,0x00000000eb080000)
  from space 2048K, 98% used [0x00000000eb080000,0x00000000eb279a40,0x00000000eb280000)
  to   space 4608K, 0% used [0x00000000eb500000,0x00000000eb500000,0x00000000eb980000)
 ParOldGen       total 138240K, used 137740K [0x00000000c0000000, 0x00000000c8700000, 0x00000000eab00000)
  object space 138240K, 99% used [0x00000000c0000000,0x00000000c8683158,0x00000000c8700000)
 Metaspace       used 54349K, committed 55616K, reserved 1114112K
  class space    used 5973K, committed 6528K, reserved 1048576K
}
Event: 8.379 GC heap after
{Heap after GC invocations=76 (full 2):
 PSYoungGen      total 8704K, used 2610K [0x00000000eab00000, 0x00000000eb800000, 0x0000000100000000)
  eden space 5632K, 0% used [0x00000000eab00000,0x00000000eab00000,0x00000000eb080000)
  from space 3072K, 84% used [0x00000000eb500000,0x00000000eb78ca50,0x00000000eb800000)
  to   space 3072K, 0% used [0x00000000eb200000,0x00000000eb200000,0x00000000eb500000)
 ParOldGen       total 139776K, used 139732K [0x00000000c0000000, 0x00000000c8880000, 0x00000000eab00000)
  object space 139776K, 99% used [0x00000000c0000000,0x00000000c88753d0,0x00000000c8880000)
 Metaspace       used 54349K, committed 55616K, reserved 1114112K
  class space    used 5973K, committed 6528K, reserved 1048576K
}
Event: 8.392 GC heap before
{Heap before GC invocations=77 (full 2):
 PSYoungGen      total 8704K, used 8242K [0x00000000eab00000, 0x00000000eb800000, 0x0000000100000000)
  eden space 5632K, 100% used [0x00000000eab00000,0x00000000eb080000,0x00000000eb080000)
  from space 3072K, 84% used [0x00000000eb500000,0x00000000eb78ca50,0x00000000eb800000)
  to   space 3072K, 0% used [0x00000000eb200000,0x00000000eb200000,0x00000000eb500000)
 ParOldGen       total 139776K, used 139732K [0x00000000c0000000, 0x00000000c8880000, 0x00000000eab00000)
  object space 139776K, 99% used [0x00000000c0000000,0x00000000c88753d0,0x00000000c8880000)
 Metaspace       used 54352K, committed 55616K, reserved 1114112K
  class space    used 5973K, committed 6528K, reserved 1048576K
}
Event: 8.394 GC heap after
{Heap after GC invocations=77 (full 2):
 PSYoungGen      total 7168K, used 1159K [0x00000000eab00000, 0x00000000eb580000, 0x0000000100000000)
  eden space 5632K, 0% used [0x00000000eab00000,0x00000000eab00000,0x00000000eb080000)
  from space 1536K, 75% used [0x00000000eb200000,0x00000000eb321de0,0x00000000eb380000)
  to   space 2048K, 0% used [0x00000000eb380000,0x00000000eb380000,0x00000000eb580000)
 ParOldGen       total 142336K, used 142037K [0x00000000c0000000, 0x00000000c8b00000, 0x00000000eab00000)
  object space 142336K, 99% used [0x00000000c0000000,0x00000000c8ab56d0,0x00000000c8b00000)
 Metaspace       used 54352K, committed 55616K, reserved 1114112K
  class space    used 5973K, committed 6528K, reserved 1048576K
}
Event: 8.401 GC heap before
{Heap before GC invocations=78 (full 2):
 PSYoungGen      total 7168K, used 6791K [0x00000000eab00000, 0x00000000eb580000, 0x0000000100000000)
  eden space 5632K, 100% used [0x00000000eab00000,0x00000000eb080000,0x00000000eb080000)
  from space 1536K, 75% used [0x00000000eb200000,0x00000000eb321de0,0x00000000eb380000)
  to   space 2048K, 0% used [0x00000000eb380000,0x00000000eb380000,0x00000000eb580000)
 ParOldGen       total 142336K, used 142037K [0x00000000c0000000, 0x00000000c8b00000, 0x00000000eab00000)
  object space 142336K, 99% used [0x00000000c0000000,0x00000000c8ab56d0,0x00000000c8b00000)
 Metaspace       used 54353K, committed 55616K, reserved 1114112K
  class space    used 5973K, committed 6528K, reserved 1048576K
}
Event: 8.403 GC heap after
{Heap after GC invocations=78 (full 2):
 PSYoungGen      total 6656K, used 784K [0x00000000eab00000, 0x00000000eb480000, 0x0000000100000000)
  eden space 5632K, 0% used [0x00000000eab00000,0x00000000eab00000,0x00000000eb080000)
  from space 1024K, 76% used [0x00000000eb380000,0x00000000eb444178,0x00000000eb480000)
  to   space 1536K, 0% used [0x00000000eb180000,0x00000000eb180000,0x00000000eb300000)
 ParOldGen       total 143360K, used 143097K [0x00000000c0000000, 0x00000000c8c00000, 0x00000000eab00000)
  object space 143360K, 99% used [0x00000000c0000000,0x00000000c8bbe548,0x00000000c8c00000)
 Metaspace       used 54353K, committed 55616K, reserved 1114112K
  class space    used 5973K, committed 6528K, reserved 1048576K
}
Event: 8.416 GC heap before
{Heap before GC invocations=79 (full 2):
 PSYoungGen      total 6656K, used 6416K [0x00000000eab00000, 0x00000000eb480000, 0x0000000100000000)
  eden space 5632K, 100% used [0x00000000eab00000,0x00000000eb080000,0x00000000eb080000)
  from space 1024K, 76% used [0x00000000eb380000,0x00000000eb444178,0x00000000eb480000)
  to   space 1536K, 0% used [0x00000000eb180000,0x00000000eb180000,0x00000000eb300000)
 ParOldGen       total 143360K, used 143097K [0x00000000c0000000, 0x00000000c8c00000, 0x00000000eab00000)
  object space 143360K, 99% used [0x00000000c0000000,0x00000000c8bbe548,0x00000000c8c00000)
 Metaspace       used 54368K, committed 55616K, reserved 1114112K
  class space    used 5976K, committed 6528K, reserved 1048576K
}
Event: 8.418 GC heap after
{Heap after GC invocations=79 (full 2):
 PSYoungGen      total 7168K, used 1297K [0x00000000eab00000, 0x00000000eb400000, 0x0000000100000000)
  eden space 5632K, 0% used [0x00000000eab00000,0x00000000eab00000,0x00000000eb080000)
  from space 1536K, 84% used [0x00000000eb180000,0x00000000eb2c4628,0x00000000eb300000)
  to   space 1024K, 0% used [0x00000000eb300000,0x00000000eb300000,0x00000000eb400000)
 ParOldGen       total 143872K, used 143770K [0x00000000c0000000, 0x00000000c8c80000, 0x00000000eab00000)
  object space 143872K, 99% used [0x00000000c0000000,0x00000000c8c66990,0x00000000c8c80000)
 Metaspace       used 54368K, committed 55616K, reserved 1114112K
  class space    used 5976K, committed 6528K, reserved 1048576K
}
Event: 8.432 GC heap before
{Heap before GC invocations=80 (full 2):
 PSYoungGen      total 7168K, used 6929K [0x00000000eab00000, 0x00000000eb400000, 0x0000000100000000)
  eden space 5632K, 99% used [0x00000000eab00000,0x00000000eb07ffb8,0x00000000eb080000)
  from space 1536K, 84% used [0x00000000eb180000,0x00000000eb2c4628,0x00000000eb300000)
  to   space 1024K, 0% used [0x00000000eb300000,0x00000000eb300000,0x00000000eb400000)
 ParOldGen       total 143872K, used 143770K [0x00000000c0000000, 0x00000000c8c80000, 0x00000000eab00000)
  object space 143872K, 99% used [0x00000000c0000000,0x00000000c8c66990,0x00000000c8c80000)
 Metaspace       used 54443K, committed 55808K, reserved 1114112K
  class space    used 5987K, committed 6592K, reserved 1048576K
}
Event: 8.433 GC heap after
{Heap after GC invocations=80 (full 2):
 PSYoungGen      total 6656K, used 1018K [0x00000000eab00000, 0x00000000eb580000, 0x0000000100000000)
  eden space 5632K, 0% used [0x00000000eab00000,0x00000000eab00000,0x00000000eb080000)
  from space 1024K, 99% used [0x00000000eb300000,0x00000000eb3feb18,0x00000000eb400000)
  to   space 2560K, 0% used [0x00000000eb080000,0x00000000eb080000,0x00000000eb300000)
 ParOldGen       total 145408K, used 145074K [0x00000000c0000000, 0x00000000c8e00000, 0x00000000eab00000)
  object space 145408K, 99% used [0x00000000c0000000,0x00000000c8dac898,0x00000000c8e00000)
 Metaspace       used 54443K, committed 55808K, reserved 1114112K
  class space    used 5987K, committed 6592K, reserved 1048576K
}
Event: 8.449 GC heap before
{Heap before GC invocations=81 (full 2):
 PSYoungGen      total 6656K, used 6650K [0x00000000eab00000, 0x00000000eb580000, 0x0000000100000000)
  eden space 5632K, 99% used [0x00000000eab00000,0x00000000eb07ffe0,0x00000000eb080000)
  from space 1024K, 99% used [0x00000000eb300000,0x00000000eb3feb18,0x00000000eb400000)
  to   space 2560K, 0% used [0x00000000eb080000,0x00000000eb080000,0x00000000eb300000)
 ParOldGen       total 145408K, used 145074K [0x00000000c0000000, 0x00000000c8e00000, 0x00000000eab00000)
  object space 145408K, 99% used [0x00000000c0000000,0x00000000c8dac898,0x00000000c8e00000)
 Metaspace       used 54471K, committed 55808K, reserved 1114112K
  class space    used 5996K, committed 6592K, reserved 1048576K
}
Event: 8.451 GC heap after
{Heap after GC invocations=81 (full 2):
 PSYoungGen      total 7168K, used 1274K [0x00000000eab00000, 0x00000000eb480000, 0x0000000100000000)
  eden space 5632K, 0% used [0x00000000eab00000,0x00000000eab00000,0x00000000eb080000)
  from space 1536K, 82% used [0x00000000eb080000,0x00000000eb1be858,0x00000000eb200000)
  to   space 2048K, 0% used [0x00000000eb280000,0x00000000eb280000,0x00000000eb480000)
 ParOldGen       total 146432K, used 146093K [0x00000000c0000000, 0x00000000c8f00000, 0x00000000eab00000)
  object space 146432K, 99% used [0x00000000c0000000,0x00000000c8eab478,0x00000000c8f00000)
 Metaspace       used 54471K, committed 55808K, reserved 1114112K
  class space    used 5996K, committed 6592K, reserved 1048576K
}
Event: 8.468 GC heap before
{Heap before GC invocations=82 (full 2):
 PSYoungGen      total 7168K, used 6906K [0x00000000eab00000, 0x00000000eb480000, 0x0000000100000000)
  eden space 5632K, 100% used [0x00000000eab00000,0x00000000eb080000,0x00000000eb080000)
  from space 1536K, 82% used [0x00000000eb080000,0x00000000eb1be858,0x00000000eb200000)
  to   space 2048K, 0% used [0x00000000eb280000,0x00000000eb280000,0x00000000eb480000)
 ParOldGen       total 146432K, used 146093K [0x00000000c0000000, 0x00000000c8f00000, 0x00000000eab00000)
  object space 146432K, 99% used [0x00000000c0000000,0x00000000c8eab478,0x00000000c8f00000)
 Metaspace       used 54496K, committed 55808K, reserved 1114112K
  class space    used 6003K, committed 6592K, reserved 1048576K
}
Event: 8.470 GC heap after
{Heap after GC invocations=82 (full 2):
 PSYoungGen      total 7168K, used 1290K [0x00000000eab00000, 0x00000000eb400000, 0x0000000100000000)
  eden space 5632K, 0% used [0x00000000eab00000,0x00000000eab00000,0x00000000eb080000)
  from space 1536K, 84% used [0x00000000eb280000,0x00000000eb3c2b50,0x00000000eb400000)
  to   space 1536K, 0% used [0x00000000eb080000,0x00000000eb080000,0x00000000eb200000)
 ParOldGen       total 147456K, used 147199K [0x00000000c0000000, 0x00000000c9000000, 0x00000000eab00000)
  object space 147456K, 99% used [0x00000000c0000000,0x00000000c8fbfc98,0x00000000c9000000)
 Metaspace       used 54496K, committed 55808K, reserved 1114112K
  class space    used 6003K, committed 6592K, reserved 1048576K
}
Event: 8.487 GC heap before
{Heap before GC invocations=83 (full 2):
 PSYoungGen      total 7168K, used 6922K [0x00000000eab00000, 0x00000000eb400000, 0x0000000100000000)
  eden space 5632K, 100% used [0x00000000eab00000,0x00000000eb080000,0x00000000eb080000)
  from space 1536K, 84% used [0x00000000eb280000,0x00000000eb3c2b50,0x00000000eb400000)
  to   space 1536K, 0% used [0x00000000eb080000,0x00000000eb080000,0x00000000eb200000)
 ParOldGen       total 147456K, used 147199K [0x00000000c0000000, 0x00000000c9000000, 0x00000000eab00000)
  object space 147456K, 99% used [0x00000000c0000000,0x00000000c8fbfc98,0x00000000c9000000)
 Metaspace       used 54521K, committed 55808K, reserved 1114112K
  class space    used 6012K, committed 6592K, reserved 1048576K
}
Event: 8.489 GC heap after
{Heap after GC invocations=83 (full 2):
 PSYoungGen      total 7168K, used 1287K [0x00000000eab00000, 0x00000000eb380000, 0x0000000100000000)
  eden space 5632K, 0% used [0x00000000eab00000,0x00000000eab00000,0x00000000eb080000)
  from space 1536K, 83% used [0x00000000eb080000,0x00000000eb1c1eb8,0x00000000eb200000)
  to   space 1536K, 0% used [0x00000000eb200000,0x00000000eb200000,0x00000000eb380000)
 ParOldGen       total 148480K, used 148344K [0x00000000c0000000, 0x00000000c9100000, 0x00000000eab00000)
  object space 148480K, 99% used [0x00000000c0000000,0x00000000c90de088,0x00000000c9100000)
 Metaspace       used 54521K, committed 55808K, reserved 1114112K
  class space    used 6012K, committed 6592K, reserved 1048576K
}
Event: 8.505 GC heap before
{Heap before GC invocations=84 (full 2):
 PSYoungGen      total 7168K, used 6919K [0x00000000eab00000, 0x00000000eb380000, 0x0000000100000000)
  eden space 5632K, 100% used [0x00000000eab00000,0x00000000eb080000,0x00000000eb080000)
  from space 1536K, 83% used [0x00000000eb080000,0x00000000eb1c1eb8,0x00000000eb200000)
  to   space 1536K, 0% used [0x00000000eb200000,0x00000000eb200000,0x00000000eb380000)
 ParOldGen       total 148480K, used 148344K [0x00000000c0000000, 0x00000000c9100000, 0x00000000eab00000)
  object space 148480K, 99% used [0x00000000c0000000,0x00000000c90de088,0x00000000c9100000)
 Metaspace       used 54540K, committed 55872K, reserved 1114112K
  class space    used 6018K, committed 6592K, reserved 1048576K
}
Event: 8.507 GC heap after
{Heap after GC invocations=84 (full 2):
 PSYoungGen      total 7168K, used 1270K [0x00000000eab00000, 0x00000000eb380000, 0x0000000100000000)
  eden space 5632K, 0% used [0x00000000eab00000,0x00000000eab00000,0x00000000eb080000)
  from space 1536K, 82% used [0x00000000eb200000,0x00000000eb33d870,0x00000000eb380000)
  to   space 1536K, 0% used [0x00000000eb080000,0x00000000eb080000,0x00000000eb200000)
 ParOldGen       total 149504K, used 149434K [0x00000000c0000000, 0x00000000c9200000, 0x00000000eab00000)
  object space 149504K, 99% used [0x00000000c0000000,0x00000000c91ee8b0,0x00000000c9200000)
 Metaspace       used 54540K, committed 55872K, reserved 1114112K
  class space    used 6018K, committed 6592K, reserved 1048576K
}

