# JRE version: Java(TM) SE Runtime Environment (8.0_421) (build 1.8.0_421-b09)
# Java VM: Java HotSpot(TM) 64-Bit Server VM (25.421-b09 mixed mode windows-amd64 compressed oops)
Heap:
 PSYoungGen      total 73728K, used 36588K [0x00000000d5580000, 0x00000000da780000, 0x0000000100000000)
  eden space 63488K, 42% used [0x00000000d5580000,0x00000000d7025b88,0x00000000d9380000)
  from space 10240K, 90% used [0x00000000d9d80000,0x00000000da695718,0x00000000da780000)
  to   space 10240K, 0% used [0x00000000d9380000,0x00000000d9380000,0x00000000d9d80000)
 ParOldGen       total 167936K, used 40K [0x0000000080000000, 0x000000008a400000, 0x00000000d5580000)
  object space 167936K, 0% used [0x0000000080000000,0x000000008000a000,0x000000008a400000)
 Metaspace       used 16409K, capacity 17028K, committed 17280K, reserved 1064960K
  class space    used 2274K, capacity 2408K, committed 2432K, reserved 1048576K
GC Heap History (8 events):
Event: 0.580 GC heap before
{Heap before GC invocations=1 (full 0):
 PSYoungGen      total 73728K, used 63488K [0x00000000d5580000, 0x00000000da780000, 0x0000000100000000)
  eden space 63488K, 100% used [0x00000000d5580000,0x00000000d9380000,0x00000000d9380000)
  from space 10240K, 0% used [0x00000000d9d80000,0x00000000d9d80000,0x00000000da780000)
  to   space 10240K, 0% used [0x00000000d9380000,0x00000000d9380000,0x00000000d9d80000)
 ParOldGen       total 167936K, used 0K [0x0000000080000000, 0x000000008a400000, 0x00000000d5580000)
  object space 167936K, 0% used [0x0000000080000000,0x0000000080000000,0x000000008a400000)
 Metaspace       used 7377K, capacity 7582K, committed 7808K, reserved 1056768K
  class space    used 963K, capacity 1058K, committed 1152K, reserved 1048576K
Event: 0.583 GC heap after
Heap after GC invocations=1 (full 0):
 PSYoungGen      total 73728K, used 4371K [0x00000000d5580000, 0x00000000da780000, 0x0000000100000000)
  eden space 63488K, 0% used [0x00000000d5580000,0x00000000d5580000,0x00000000d9380000)
  from space 10240K, 42% used [0x00000000d9380000,0x00000000d97c4fe0,0x00000000d9d80000)
  to   space 10240K, 0% used [0x00000000d9d80000,0x00000000d9d80000,0x00000000da780000)
 ParOldGen       total 167936K, used 16K [0x0000000080000000, 0x000000008a400000, 0x00000000d5580000)
  object space 167936K, 0% used [0x0000000080000000,0x0000000080004000,0x000000008a400000)
 Metaspace       used 7377K, capacity 7582K, committed 7808K, reserved 1056768K
  class space    used 963K, capacity 1058K, committed 1152K, reserved 1048576K
}
Event: 0.951 GC heap before
{Heap before GC invocations=2 (full 0):
 PSYoungGen      total 73728K, used 67859K [0x00000000d5580000, 0x00000000da780000, 0x0000000100000000)
  eden space 63488K, 100% used [0x00000000d5580000,0x00000000d9380000,0x00000000d9380000)
  from space 10240K, 42% used [0x00000000d9380000,0x00000000d97c4fe0,0x00000000d9d80000)
  to   space 10240K, 0% used [0x00000000d9d80000,0x00000000d9d80000,0x00000000da780000)
 ParOldGen       total 167936K, used 16K [0x0000000080000000, 0x000000008a400000, 0x00000000d5580000)
  object space 167936K, 0% used [0x0000000080000000,0x0000000080004000,0x000000008a400000)
 Metaspace       used 8136K, capacity 8390K, committed 8704K, reserved 1056768K
  class space    used 1048K, capacity 1156K, committed 1280K, reserved 1048576K
Event: 0.955 GC heap after
Heap after GC invocations=2 (full 0):
 PSYoungGen      total 73728K, used 5669K [0x00000000d5580000, 0x00000000da780000, 0x0000000100000000)
  eden space 63488K, 0% used [0x00000000d5580000,0x00000000d5580000,0x00000000d9380000)
  from space 10240K, 55% used [0x00000000d9d80000,0x00000000da3096b0,0x00000000da780000)
  to   space 10240K, 0% used [0x00000000d9380000,0x00000000d9380000,0x00000000d9d80000)
 ParOldGen       total 167936K, used 24K [0x0000000080000000, 0x000000008a400000, 0x00000000d5580000)
  object space 167936K, 0% used [0x0000000080000000,0x0000000080006000,0x000000008a400000)
 Metaspace       used 8136K, capacity 8390K, committed 8704K, reserved 1056768K
  class space    used 1048K, capacity 1156K, committed 1280K, reserved 1048576K
}
Event: 1.154 GC heap before
{Heap before GC invocations=3 (full 0):
 PSYoungGen      total 73728K, used 69157K [0x00000000d5580000, 0x00000000da780000, 0x0000000100000000)
  eden space 63488K, 100% used [0x00000000d5580000,0x00000000d9380000,0x00000000d9380000)
  from space 10240K, 55% used [0x00000000d9d80000,0x00000000da3096b0,0x00000000da780000)
  to   space 10240K, 0% used [0x00000000d9380000,0x00000000d9380000,0x00000000d9d80000)
 ParOldGen       total 167936K, used 24K [0x0000000080000000, 0x000000008a400000, 0x00000000d5580000)
  object space 167936K, 0% used [0x0000000080000000,0x0000000080006000,0x000000008a400000)
 Metaspace       used 8830K, capacity 9142K, committed 9344K, reserved 1056768K
  class space    used 1175K, capacity 1296K, committed 1408K, reserved 1048576K
Event: 1.158 GC heap after
Heap after GC invocations=3 (full 0):
 PSYoungGen      total 73728K, used 6129K [0x00000000d5580000, 0x00000000da780000, 0x0000000100000000)
  eden space 63488K, 0% used [0x00000000d5580000,0x00000000d5580000,0x00000000d9380000)
  from space 10240K, 59% used [0x00000000d9380000,0x00000000d997c6c8,0x00000000d9d80000)
  to   space 10240K, 0% used [0x00000000d9d80000,0x00000000d9d80000,0x00000000da780000)
 ParOldGen       total 167936K, used 32K [0x0000000080000000, 0x000000008a400000, 0x00000000d5580000)
  object space 167936K, 0% used [0x0000000080000000,0x0000000080008000,0x000000008a400000)
 Metaspace       used 8830K, capacity 9142K, committed 9344K, reserved 1056768K
  class space    used 1175K, capacity 1296K, committed 1408K, reserved 1048576K
}
Event: 2.021 GC heap before
{Heap before GC invocations=4 (full 0):
 PSYoungGen      total 73728K, used 69617K [0x00000000d5580000, 0x00000000da780000, 0x0000000100000000)
  eden space 63488K, 100% used [0x00000000d5580000,0x00000000d9380000,0x00000000d9380000)
  from space 10240K, 59% used [0x00000000d9380000,0x00000000d997c6c8,0x00000000d9d80000)
  to   space 10240K, 0% used [0x00000000d9d80000,0x00000000d9d80000,0x00000000da780000)
 ParOldGen       total 167936K, used 32K [0x0000000080000000, 0x000000008a400000, 0x00000000d5580000)
  object space 167936K, 0% used [0x0000000080000000,0x0000000080008000,0x000000008a400000)
 Metaspace       used 14367K, capacity 14796K, committed 14976K, reserved 1062912K
  class space    used 1961K, capacity 2072K, committed 2176K, reserved 1048576K
Event: 2.029 GC heap after
Heap after GC invocations=4 (full 0):
 PSYoungGen      total 73728K, used 9301K [0x00000000d5580000, 0x00000000da780000, 0x0000000100000000)
  eden space 63488K, 0% used [0x00000000d5580000,0x00000000d5580000,0x00000000d9380000)
  from space 10240K, 90% used [0x00000000d9d80000,0x00000000da695718,0x00000000da780000)
  to   space 10240K, 0% used [0x00000000d9380000,0x00000000d9380000,0x00000000d9d80000)
 ParOldGen       total 167936K, used 40K [0x0000000080000000, 0x000000008a400000, 0x00000000d5580000)
  object space 167936K, 0% used [0x0000000080000000,0x000000008000a000,0x000000008a400000)
 Metaspace       used 14367K, capacity 14796K, committed 14976K, reserved 1062912K
  class space    used 1961K, capacity 2072K, committed 2176K, reserved 1048576K
}

