# JRE version: OpenJDK Runtime Environment Temurin-21.0.6+7 (21.0.6+7) (build 21.0.6+7-LTS)
# Java VM: OpenJDK 64-Bit Server VM Temurin-21.0.6+7 (21.0.6+7-LTS, mixed mode, sharing, tiered, compressed oops, compressed class ptrs, parallel gc, windows-amd64)
GC Precious Log:
 CardTable entry size: 512
 CPUs: 12 total, 12 available
 Memory: 15733M
 Large Page Support: Disabled
 NUMA Support: Disabled
 Compressed Oops: Enabled (32-bit)
 Alignments: Space 512K, Generation 512K, Heap 2M
 Heap Min Capacity: 100M
 Heap Initial Capacity: 100M
 Heap Max Capacity: 1G
 Pre-touch: Disabled
 Parallel Workers: 10
Heap:
 PSYoungGen      total 4096K, used 3875K [0x00000000eab00000, 0x00000000eb000000, 0x0000000100000000)
  eden space 3072K, 99% used [0x00000000eab00000,0x00000000eadff740,0x00000000eae00000)
  from space 1024K, 78% used [0x00000000eaf00000,0x00000000eafc9770,0x00000000eb000000)
  to   space 1024K, 91% used [0x00000000eae00000,0x00000000eaee92c0,0x00000000eaf00000)
 ParOldGen       total 370176K, used 370088K [0x00000000c0000000, 0x00000000d6980000, 0x00000000eab00000)
  object space 370176K, 99% used [0x00000000c0000000,0x00000000d696a278,0x00000000d6980000)
 Metaspace       used 65167K, committed 66560K, reserved 1114112K
  class space    used 7862K, committed 8448K, reserved 1048576K
GC Heap History (20 events):
Event: 22.546 GC heap after
{Heap after GC invocations=302 (full 3):
 PSYoungGen      total 3072K, used 720K [0x00000000eab00000, 0x00000000eaf80000, 0x0000000100000000)
  eden space 2048K, 0% used [0x00000000eab00000,0x00000000eab00000,0x00000000ead00000)
  from space 1024K, 70% used [0x00000000ead00000,0x00000000eadb4080,0x00000000eae00000)
  to   space 1024K, 0% used [0x00000000eae80000,0x00000000eae80000,0x00000000eaf80000)
 ParOldGen       total 364544K, used 364357K [0x00000000c0000000, 0x00000000d6400000, 0x00000000eab00000)
  object space 364544K, 99% used [0x00000000c0000000,0x00000000d63d1580,0x00000000d6400000)
 Metaspace       used 65167K, committed 66560K, reserved 1114112K
  class space    used 7862K, committed 8448K, reserved 1048576K
}
Event: 22.550 GC heap before
{Heap before GC invocations=303 (full 3):
 PSYoungGen      total 3072K, used 2768K [0x00000000eab00000, 0x00000000eaf80000, 0x0000000100000000)
  eden space 2048K, 100% used [0x00000000eab00000,0x00000000ead00000,0x00000000ead00000)
  from space 1024K, 70% used [0x00000000ead00000,0x00000000eadb4080,0x00000000eae00000)
  to   space 1024K, 0% used [0x00000000eae80000,0x00000000eae80000,0x00000000eaf80000)
 ParOldGen       total 364544K, used 364357K [0x00000000c0000000, 0x00000000d6400000, 0x00000000eab00000)
  object space 364544K, 99% used [0x00000000c0000000,0x00000000d63d1580,0x00000000d6400000)
 Metaspace       used 65167K, committed 66560K, reserved 1114112K
  class space    used 7862K, committed 8448K, reserved 1048576K
}
Event: 22.552 GC heap after
{Heap after GC invocations=303 (full 3):
 PSYoungGen      total 2560K, used 1015K [0x00000000eab00000, 0x00000000eb180000, 0x0000000100000000)
  eden space 1536K, 0% used [0x00000000eab00000,0x00000000eab00000,0x00000000eac80000)
  from space 1024K, 99% used [0x00000000eae80000,0x00000000eaf7dc80,0x00000000eaf80000)
  to   space 2048K, 0% used [0x00000000eac80000,0x00000000eac80000,0x00000000eae80000)
 ParOldGen       total 365056K, used 364979K [0x00000000c0000000, 0x00000000d6480000, 0x00000000eab00000)
  object space 365056K, 99% used [0x00000000c0000000,0x00000000d646cf70,0x00000000d6480000)
 Metaspace       used 65167K, committed 66560K, reserved 1114112K
  class space    used 7862K, committed 8448K, reserved 1048576K
}
Event: 22.559 GC heap before
{Heap before GC invocations=304 (full 3):
 PSYoungGen      total 2560K, used 2551K [0x00000000eab00000, 0x00000000eb180000, 0x0000000100000000)
  eden space 1536K, 100% used [0x00000000eab00000,0x00000000eac80000,0x00000000eac80000)
  from space 1024K, 99% used [0x00000000eae80000,0x00000000eaf7dc80,0x00000000eaf80000)
  to   space 2048K, 0% used [0x00000000eac80000,0x00000000eac80000,0x00000000eae80000)
 ParOldGen       total 365056K, used 364979K [0x00000000c0000000, 0x00000000d6480000, 0x00000000eab00000)
  object space 365056K, 99% used [0x00000000c0000000,0x00000000d646cf70,0x00000000d6480000)
 Metaspace       used 65167K, committed 66560K, reserved 1114112K
  class space    used 7862K, committed 8448K, reserved 1048576K
}
Event: 22.560 GC heap after
{Heap after GC invocations=304 (full 3):
 PSYoungGen      total 2048K, used 369K [0x00000000eab00000, 0x00000000eaf00000, 0x0000000100000000)
  eden space 1536K, 0% used [0x00000000eab00000,0x00000000eab00000,0x00000000eac80000)
  from space 512K, 72% used [0x00000000eac80000,0x00000000eacdc408,0x00000000ead00000)
  to   space 1024K, 0% used [0x00000000eae00000,0x00000000eae00000,0x00000000eaf00000)
 ParOldGen       total 366080K, used 365865K [0x00000000c0000000, 0x00000000d6580000, 0x00000000eab00000)
  object space 366080K, 99% used [0x00000000c0000000,0x00000000d654a428,0x00000000d6580000)
 Metaspace       used 65167K, committed 66560K, reserved 1114112K
  class space    used 7862K, committed 8448K, reserved 1048576K
}
Event: 22.565 GC heap before
{Heap before GC invocations=305 (full 3):
 PSYoungGen      total 2048K, used 1905K [0x00000000eab00000, 0x00000000eaf00000, 0x0000000100000000)
  eden space 1536K, 100% used [0x00000000eab00000,0x00000000eac80000,0x00000000eac80000)
  from space 512K, 72% used [0x00000000eac80000,0x00000000eacdc408,0x00000000ead00000)
  to   space 1024K, 0% used [0x00000000eae00000,0x00000000eae00000,0x00000000eaf00000)
 ParOldGen       total 366080K, used 365865K [0x00000000c0000000, 0x00000000d6580000, 0x00000000eab00000)
  object space 366080K, 99% used [0x00000000c0000000,0x00000000d654a428,0x00000000d6580000)
 Metaspace       used 65167K, committed 66560K, reserved 1114112K
  class space    used 7862K, committed 8448K, reserved 1048576K
}
Event: 22.567 GC heap after
{Heap after GC invocations=305 (full 3):
 PSYoungGen      total 2560K, used 392K [0x00000000eab00000, 0x00000000eae80000, 0x0000000100000000)
  eden space 2048K, 0% used [0x00000000eab00000,0x00000000eab00000,0x00000000ead00000)
  from space 512K, 76% used [0x00000000eae00000,0x00000000eae623d0,0x00000000eae80000)
  to   space 512K, 0% used [0x00000000ead80000,0x00000000ead80000,0x00000000eae00000)
 ParOldGen       total 366080K, used 365998K [0x00000000c0000000, 0x00000000d6580000, 0x00000000eab00000)
  object space 366080K, 99% used [0x00000000c0000000,0x00000000d656b978,0x00000000d6580000)
 Metaspace       used 65167K, committed 66560K, reserved 1114112K
  class space    used 7862K, committed 8448K, reserved 1048576K
}
Event: 22.574 GC heap before
{Heap before GC invocations=306 (full 3):
 PSYoungGen      total 2560K, used 2440K [0x00000000eab00000, 0x00000000eae80000, 0x0000000100000000)
  eden space 2048K, 100% used [0x00000000eab00000,0x00000000ead00000,0x00000000ead00000)
  from space 512K, 76% used [0x00000000eae00000,0x00000000eae623d0,0x00000000eae80000)
  to   space 512K, 0% used [0x00000000ead80000,0x00000000ead80000,0x00000000eae00000)
 ParOldGen       total 366080K, used 365998K [0x00000000c0000000, 0x00000000d6580000, 0x00000000eab00000)
  object space 366080K, 99% used [0x00000000c0000000,0x00000000d656b978,0x00000000d6580000)
 Metaspace       used 65167K, committed 66560K, reserved 1114112K
  class space    used 7862K, committed 8448K, reserved 1048576K
}
Event: 22.576 GC heap after
{Heap after GC invocations=306 (full 3):
 PSYoungGen      total 3072K, used 443K [0x00000000eab00000, 0x00000000eae80000, 0x0000000100000000)
  eden space 2560K, 0% used [0x00000000eab00000,0x00000000eab00000,0x00000000ead80000)
  from space 512K, 86% used [0x00000000ead80000,0x00000000eadeef48,0x00000000eae00000)
  to   space 512K, 0% used [0x00000000eae00000,0x00000000eae00000,0x00000000eae80000)
 ParOldGen       total 366592K, used 366230K [0x00000000c0000000, 0x00000000d6600000, 0x00000000eab00000)
  object space 366592K, 99% used [0x00000000c0000000,0x00000000d65a5918,0x00000000d6600000)
 Metaspace       used 65167K, committed 66560K, reserved 1114112K
  class space    used 7862K, committed 8448K, reserved 1048576K
}
Event: 22.584 GC heap before
{Heap before GC invocations=307 (full 3):
 PSYoungGen      total 3072K, used 3003K [0x00000000eab00000, 0x00000000eae80000, 0x0000000100000000)
  eden space 2560K, 100% used [0x00000000eab00000,0x00000000ead80000,0x00000000ead80000)
  from space 512K, 86% used [0x00000000ead80000,0x00000000eadeef48,0x00000000eae00000)
  to   space 512K, 0% used [0x00000000eae00000,0x00000000eae00000,0x00000000eae80000)
 ParOldGen       total 366592K, used 366230K [0x00000000c0000000, 0x00000000d6600000, 0x00000000eab00000)
  object space 366592K, 99% used [0x00000000c0000000,0x00000000d65a5918,0x00000000d6600000)
 Metaspace       used 65167K, committed 66560K, reserved 1114112K
  class space    used 7862K, committed 8448K, reserved 1048576K
}
Event: 22.586 GC heap after
{Heap after GC invocations=307 (full 3):
 PSYoungGen      total 2048K, used 507K [0x00000000eab00000, 0x00000000eb100000, 0x0000000100000000)
  eden space 1536K, 0% used [0x00000000eab00000,0x00000000eab00000,0x00000000eac80000)
  from space 512K, 99% used [0x00000000eae00000,0x00000000eae7ec80,0x00000000eae80000)
  to   space 1536K, 0% used [0x00000000eac80000,0x00000000eac80000,0x00000000eae00000)
 ParOldGen       total 367104K, used 366910K [0x00000000c0000000, 0x00000000d6680000, 0x00000000eab00000)
  object space 367104K, 99% used [0x00000000c0000000,0x00000000d664f910,0x00000000d6680000)
 Metaspace       used 65167K, committed 66560K, reserved 1114112K
  class space    used 7862K, committed 8448K, reserved 1048576K
}
Event: 22.593 GC heap before
{Heap before GC invocations=308 (full 3):
 PSYoungGen      total 2048K, used 2043K [0x00000000eab00000, 0x00000000eb100000, 0x0000000100000000)
  eden space 1536K, 100% used [0x00000000eab00000,0x00000000eac80000,0x00000000eac80000)
  from space 512K, 99% used [0x00000000eae00000,0x00000000eae7ec80,0x00000000eae80000)
  to   space 1536K, 0% used [0x00000000eac80000,0x00000000eac80000,0x00000000eae00000)
 ParOldGen       total 367104K, used 366910K [0x00000000c0000000, 0x00000000d6680000, 0x00000000eab00000)
  object space 367104K, 99% used [0x00000000c0000000,0x00000000d664f910,0x00000000d6680000)
 Metaspace       used 65167K, committed 66560K, reserved 1114112K
  class space    used 7862K, committed 8448K, reserved 1048576K
}
Event: 22.595 GC heap after
{Heap after GC invocations=308 (full 3):
 PSYoungGen      total 3072K, used 435K [0x00000000eab00000, 0x00000000eaf00000, 0x0000000100000000)
  eden space 1536K, 0% used [0x00000000eab00000,0x00000000eab00000,0x00000000eac80000)
  from space 1536K, 28% used [0x00000000eac80000,0x00000000eacecfd0,0x00000000eae00000)
  to   space 1024K, 0% used [0x00000000eae00000,0x00000000eae00000,0x00000000eaf00000)
 ParOldGen       total 367616K, used 367248K [0x00000000c0000000, 0x00000000d6700000, 0x00000000eab00000)
  object space 367616K, 99% used [0x00000000c0000000,0x00000000d66a4398,0x00000000d6700000)
 Metaspace       used 65167K, committed 66560K, reserved 1114112K
  class space    used 7862K, committed 8448K, reserved 1048576K
}
Event: 22.601 GC heap before
{Heap before GC invocations=309 (full 3):
 PSYoungGen      total 3072K, used 1960K [0x00000000eab00000, 0x00000000eaf00000, 0x0000000100000000)
  eden space 1536K, 99% used [0x00000000eab00000,0x00000000eac7d2e8,0x00000000eac80000)
  from space 1536K, 28% used [0x00000000eac80000,0x00000000eacecfd0,0x00000000eae00000)
  to   space 1024K, 0% used [0x00000000eae00000,0x00000000eae00000,0x00000000eaf00000)
 ParOldGen       total 367616K, used 367268K [0x00000000c0000000, 0x00000000d6700000, 0x00000000eab00000)
  object space 367616K, 99% used [0x00000000c0000000,0x00000000d66a9368,0x00000000d6700000)
 Metaspace       used 65167K, committed 66560K, reserved 1114112K
  class space    used 7862K, committed 8448K, reserved 1048576K
}
Event: 22.603 GC heap after
{Heap after GC invocations=309 (full 3):
 PSYoungGen      total 2560K, used 403K [0x00000000eab00000, 0x00000000eae80000, 0x0000000100000000)
  eden space 2048K, 0% used [0x00000000eab00000,0x00000000eab00000,0x00000000ead00000)
  from space 512K, 78% used [0x00000000eae00000,0x00000000eae64fd0,0x00000000eae80000)
  to   space 512K, 0% used [0x00000000ead80000,0x00000000ead80000,0x00000000eae00000)
 ParOldGen       total 367616K, used 367518K [0x00000000c0000000, 0x00000000d6700000, 0x00000000eab00000)
  object space 367616K, 99% used [0x00000000c0000000,0x00000000d66e7888,0x00000000d6700000)
 Metaspace       used 65167K, committed 66560K, reserved 1114112K
  class space    used 7862K, committed 8448K, reserved 1048576K
}
Event: 22.612 GC heap before
{Heap before GC invocations=310 (full 3):
 PSYoungGen      total 2560K, used 2451K [0x00000000eab00000, 0x00000000eae80000, 0x0000000100000000)
  eden space 2048K, 99% used [0x00000000eab00000,0x00000000eacffff0,0x00000000ead00000)
  from space 512K, 78% used [0x00000000eae00000,0x00000000eae64fd0,0x00000000eae80000)
  to   space 512K, 0% used [0x00000000ead80000,0x00000000ead80000,0x00000000eae00000)
 ParOldGen       total 367616K, used 367525K [0x00000000c0000000, 0x00000000d6700000, 0x00000000eab00000)
  object space 367616K, 99% used [0x00000000c0000000,0x00000000d66e95a8,0x00000000d6700000)
 Metaspace       used 65167K, committed 66560K, reserved 1114112K
  class space    used 7862K, committed 8448K, reserved 1048576K
}
Event: 22.614 GC heap after
{Heap after GC invocations=310 (full 3):
 PSYoungGen      total 3072K, used 487K [0x00000000eab00000, 0x00000000eaf80000, 0x0000000100000000)
  eden space 2560K, 0% used [0x00000000eab00000,0x00000000eab00000,0x00000000ead80000)
  from space 512K, 95% used [0x00000000ead80000,0x00000000eadf9fa0,0x00000000eae00000)
  to   space 1024K, 0% used [0x00000000eae80000,0x00000000eae80000,0x00000000eaf80000)
 ParOldGen       total 368128K, used 367820K [0x00000000c0000000, 0x00000000d6780000, 0x00000000eab00000)
  object space 368128K, 99% used [0x00000000c0000000,0x00000000d6733018,0x00000000d6780000)
 Metaspace       used 65167K, committed 66560K, reserved 1114112K
  class space    used 7862K, committed 8448K, reserved 1048576K
}
Event: 22.622 GC heap before
{Heap before GC invocations=311 (full 3):
 PSYoungGen      total 3072K, used 3047K [0x00000000eab00000, 0x00000000eaf80000, 0x0000000100000000)
  eden space 2560K, 100% used [0x00000000eab00000,0x00000000ead80000,0x00000000ead80000)
  from space 512K, 95% used [0x00000000ead80000,0x00000000eadf9fa0,0x00000000eae00000)
  to   space 1024K, 0% used [0x00000000eae80000,0x00000000eae80000,0x00000000eaf80000)
 ParOldGen       total 368128K, used 367820K [0x00000000c0000000, 0x00000000d6780000, 0x00000000eab00000)
  object space 368128K, 99% used [0x00000000c0000000,0x00000000d6733018,0x00000000d6780000)
 Metaspace       used 65167K, committed 66560K, reserved 1114112K
  class space    used 7862K, committed 8448K, reserved 1048576K
}
Event: 22.625 GC heap after
{Heap after GC invocations=311 (full 3):
 PSYoungGen      total 3584K, used 912K [0x00000000eab00000, 0x00000000eb000000, 0x0000000100000000)
  eden space 2560K, 0% used [0x00000000eab00000,0x00000000eab00000,0x00000000ead80000)
  from space 1024K, 89% used [0x00000000eae80000,0x00000000eaf64000,0x00000000eaf80000)
  to   space 1024K, 0% used [0x00000000ead80000,0x00000000ead80000,0x00000000eae80000)
 ParOldGen       total 368640K, used 368590K [0x00000000c0000000, 0x00000000d6800000, 0x00000000eab00000)
  object space 368640K, 99% used [0x00000000c0000000,0x00000000d67f39f8,0x00000000d6800000)
 Metaspace       used 65167K, committed 66560K, reserved 1114112K
  class space    used 7862K, committed 8448K, reserved 1048576K
}
Event: 22.635 GC heap before
{Heap before GC invocations=312 (full 3):
 PSYoungGen      total 3584K, used 3472K [0x00000000eab00000, 0x00000000eb000000, 0x0000000100000000)
  eden space 2560K, 100% used [0x00000000eab00000,0x00000000ead80000,0x00000000ead80000)
  from space 1024K, 89% used [0x00000000eae80000,0x00000000eaf64000,0x00000000eaf80000)
  to   space 1024K, 0% used [0x00000000ead80000,0x00000000ead80000,0x00000000eae80000)
 ParOldGen       total 368640K, used 368590K [0x00000000c0000000, 0x00000000d6800000, 0x00000000eab00000)
  object space 368640K, 99% used [0x00000000c0000000,0x00000000d67f39f8,0x00000000d6800000)
 Metaspace       used 65167K, committed 66560K, reserved 1114112K
  class space    used 7862K, committed 8448K, reserved 1048576K
}

