# JRE version: Java(TM) SE Runtime Environment (8.0_421) (build 1.8.0_421-b09)
# Java VM: Java HotSpot(TM) 64-Bit Server VM (25.421-b09 mixed mode windows-amd64 compressed oops)
Heap:
 PSYoungGen      total 370688K, used 61450K [0x00000000d5580000, 0x00000000edf00000, 0x0000000100000000)
  eden space 336896K, 18% used [0x00000000d5580000,0x00000000d9182b70,0x00000000e9e80000)
  from space 33792K, 0% used [0x00000000ebd80000,0x00000000ebd80000,0x00000000ede80000)
  to   space 31744K, 0% used [0x00000000e9e80000,0x00000000e9e80000,0x00000000ebd80000)
 ParOldGen       total 251392K, used 59248K [0x0000000080000000, 0x000000008f580000, 0x00000000d5580000)
  object space 251392K, 23% used [0x0000000080000000,0x00000000839dc308,0x000000008f580000)
 Metaspace       used 96334K, capacity 101862K, committed 102016K, reserved 1138688K
  class space    used 12646K, capacity 13579K, committed 13696K, reserved 1048576K
GC Heap History (10 events):
Event: 10440.895 GC heap before
{Heap before GC invocations=18 (full 3):
 PSYoungGen      total 235520K, used 227328K [0x00000000d5580000, 0x00000000e5180000, 0x0000000100000000)
  eden space 227328K, 100% used [0x00000000d5580000,0x00000000e3380000,0x00000000e3380000)
  from space 8192K, 0% used [0x00000000e4980000,0x00000000e4980000,0x00000000e5180000)
  to   space 15360K, 0% used [0x00000000e3380000,0x00000000e3380000,0x00000000e4280000)
 ParOldGen       total 155136K, used 18332K [0x0000000080000000, 0x0000000089780000, 0x00000000d5580000)
  object space 155136K, 11% used [0x0000000080000000,0x00000000811e7028,0x0000000089780000)
 Metaspace       used 62279K, capacity 65158K, committed 65664K, reserved 1105920K
  class space    used 8878K, capacity 9452K, committed 9600K, reserved 1048576K
Event: 10440.913 GC heap after
Heap after GC invocations=18 (full 3):
 PSYoungGen      total 242688K, used 15359K [0x00000000d5580000, 0x00000000e9e00000, 0x0000000100000000)
  eden space 227328K, 0% used [0x00000000d5580000,0x00000000d5580000,0x00000000e3380000)
  from space 15360K, 99% used [0x00000000e3380000,0x00000000e427fcd0,0x00000000e4280000)
  to   space 22528K, 0% used [0x00000000e8800000,0x00000000e8800000,0x00000000e9e00000)
 ParOldGen       total 155136K, used 32609K [0x0000000080000000, 0x0000000089780000, 0x00000000d5580000)
  object space 155136K, 21% used [0x0000000080000000,0x0000000081fd8588,0x0000000089780000)
 Metaspace       used 62279K, capacity 65158K, committed 65664K, reserved 1105920K
  class space    used 8878K, capacity 9452K, committed 9600K, reserved 1048576K
}
Event: 10442.092 GC heap before
{Heap before GC invocations=19 (full 3):
 PSYoungGen      total 242688K, used 242687K [0x00000000d5580000, 0x00000000e9e00000, 0x0000000100000000)
  eden space 227328K, 100% used [0x00000000d5580000,0x00000000e3380000,0x00000000e3380000)
  from space 15360K, 99% used [0x00000000e3380000,0x00000000e427fcd0,0x00000000e4280000)
  to   space 22528K, 0% used [0x00000000e8800000,0x00000000e8800000,0x00000000e9e00000)
 ParOldGen       total 155136K, used 32609K [0x0000000080000000, 0x0000000089780000, 0x00000000d5580000)
  object space 155136K, 21% used [0x0000000080000000,0x0000000081fd8588,0x0000000089780000)
 Metaspace       used 74337K, capacity 78272K, committed 78336K, reserved 1116160K
  class space    used 10229K, capacity 10951K, committed 11008K, reserved 1048576K
Event: 10442.113 GC heap after
Heap after GC invocations=19 (full 3):
 PSYoungGen      total 305664K, used 22509K [0x00000000d5580000, 0x00000000ead80000, 0x0000000100000000)
  eden space 283136K, 0% used [0x00000000d5580000,0x00000000d5580000,0x00000000e6a00000)
  from space 22528K, 99% used [0x00000000e8800000,0x00000000e9dfb778,0x00000000e9e00000)
  to   space 30720K, 0% used [0x00000000e6a00000,0x00000000e6a00000,0x00000000e8800000)
 ParOldGen       total 155136K, used 44124K [0x0000000080000000, 0x0000000089780000, 0x00000000d5580000)
  object space 155136K, 28% used [0x0000000080000000,0x0000000082b17398,0x0000000089780000)
 Metaspace       used 74337K, capacity 78272K, committed 78336K, reserved 1116160K
  class space    used 10229K, capacity 10951K, committed 11008K, reserved 1048576K
}
Event: 10443.666 GC heap before
{Heap before GC invocations=20 (full 3):
 PSYoungGen      total 305664K, used 305645K [0x00000000d5580000, 0x00000000ead80000, 0x0000000100000000)
  eden space 283136K, 100% used [0x00000000d5580000,0x00000000e6a00000,0x00000000e6a00000)
  from space 22528K, 99% used [0x00000000e8800000,0x00000000e9dfb778,0x00000000e9e00000)
  to   space 30720K, 0% used [0x00000000e6a00000,0x00000000e6a00000,0x00000000e8800000)
 ParOldGen       total 155136K, used 44124K [0x0000000080000000, 0x0000000089780000, 0x00000000d5580000)
  object space 155136K, 28% used [0x0000000080000000,0x0000000082b17398,0x0000000089780000)
 Metaspace       used 90092K, capacity 95110K, committed 95360K, reserved 1132544K
  class space    used 11972K, capacity 12858K, committed 12928K, reserved 1048576K
Event: 10443.692 GC heap after
Heap after GC invocations=20 (full 3):
 PSYoungGen      total 313856K, used 25774K [0x00000000d5580000, 0x00000000ede80000, 0x0000000100000000)
  eden space 283136K, 0% used [0x00000000d5580000,0x00000000d5580000,0x00000000e6a00000)
  from space 30720K, 83% used [0x00000000e6a00000,0x00000000e832b810,0x00000000e8800000)
  to   space 33792K, 0% used [0x00000000ebd80000,0x00000000ebd80000,0x00000000ede80000)
 ParOldGen       total 155136K, used 66201K [0x0000000080000000, 0x0000000089780000, 0x00000000d5580000)
  object space 155136K, 42% used [0x0000000080000000,0x00000000840a6540,0x0000000089780000)
 Metaspace       used 90092K, capacity 95110K, committed 95360K, reserved 1132544K
  class space    used 11972K, capacity 12858K, committed 12928K, reserved 1048576K
}
Event: 10443.964 GC heap before
{Heap before GC invocations=21 (full 3):
 PSYoungGen      total 313856K, used 68728K [0x00000000d5580000, 0x00000000ede80000, 0x0000000100000000)
  eden space 283136K, 15% used [0x00000000d5580000,0x00000000d7f72828,0x00000000e6a00000)
  from space 30720K, 83% used [0x00000000e6a00000,0x00000000e832b810,0x00000000e8800000)
  to   space 33792K, 0% used [0x00000000ebd80000,0x00000000ebd80000,0x00000000ede80000)
 ParOldGen       total 155136K, used 66201K [0x0000000080000000, 0x0000000089780000, 0x00000000d5580000)
  object space 155136K, 42% used [0x0000000080000000,0x00000000840a6540,0x0000000089780000)
 Metaspace       used 93367K, capacity 98474K, committed 98496K, reserved 1134592K
  class space    used 12265K, capacity 13164K, committed 13184K, reserved 1048576K
Event: 10443.972 GC heap after
Heap after GC invocations=21 (full 3):
 PSYoungGen      total 370688K, used 13855K [0x00000000d5580000, 0x00000000edf00000, 0x0000000100000000)
  eden space 336896K, 0% used [0x00000000d5580000,0x00000000d5580000,0x00000000e9e80000)
  from space 33792K, 41% used [0x00000000ebd80000,0x00000000ecb07e38,0x00000000ede80000)
  to   space 31744K, 0% used [0x00000000e9e80000,0x00000000e9e80000,0x00000000ebd80000)
 ParOldGen       total 155136K, used 66209K [0x0000000080000000, 0x0000000089780000, 0x00000000d5580000)
  object space 155136K, 42% used [0x0000000080000000,0x00000000840a8540,0x0000000089780000)
 Metaspace       used 93367K, capacity 98474K, committed 98496K, reserved 1134592K
  class space    used 12265K, capacity 13164K, committed 13184K, reserved 1048576K
}
Event: 10443.973 GC heap before
{Heap before GC invocations=22 (full 4):
 PSYoungGen      total 370688K, used 13855K [0x00000000d5580000, 0x00000000edf00000, 0x0000000100000000)
  eden space 336896K, 0% used [0x00000000d5580000,0x00000000d5580000,0x00000000e9e80000)
  from space 33792K, 41% used [0x00000000ebd80000,0x00000000ecb07e38,0x00000000ede80000)
  to   space 31744K, 0% used [0x00000000e9e80000,0x00000000e9e80000,0x00000000ebd80000)
 ParOldGen       total 155136K, used 66209K [0x0000000080000000, 0x0000000089780000, 0x00000000d5580000)
  object space 155136K, 42% used [0x0000000080000000,0x00000000840a8540,0x0000000089780000)
 Metaspace       used 93367K, capacity 98474K, committed 98496K, reserved 1134592K
  class space    used 12265K, capacity 13164K, committed 13184K, reserved 1048576K
Event: 10444.081 GC heap after
Heap after GC invocations=22 (full 4):
 PSYoungGen      total 370688K, used 0K [0x00000000d5580000, 0x00000000edf00000, 0x0000000100000000)
  eden space 336896K, 0% used [0x00000000d5580000,0x00000000d5580000,0x00000000e9e80000)
  from space 33792K, 0% used [0x00000000ebd80000,0x00000000ebd80000,0x00000000ede80000)
  to   space 31744K, 0% used [0x00000000e9e80000,0x00000000e9e80000,0x00000000ebd80000)
 ParOldGen       total 251392K, used 59248K [0x0000000080000000, 0x000000008f580000, 0x00000000d5580000)
  object space 251392K, 23% used [0x0000000080000000,0x00000000839dc308,0x000000008f580000)
 Metaspace       used 93367K, capacity 98474K, committed 98496K, reserved 1134592K
  class space    used 12265K, capacity 13164K, committed 13184K, reserved 1048576K
}

